debug:[ViewLink.cpp][57][VLK_Init]########### ViewLink SDK 3.4.7 initialized ###########
debug:[ViewLink.cpp][145][VLK_RegisterDevStatusCB]VLK_RegisterDevStatusCB
debug:[ViewLink.cpp][119][VLK_Disconnect]VLK_Disconnect
debug:[ViewLink.cpp][119][VLK_Disconnect]VLK_Disconnect
debug:[ViewLink.cpp][64][VLK_UnInit]########### ViewLink SDK 3.4.7 uninitialized ###########
debug:[ViewLink.cpp][57][VLK_Init]########### ViewLink SDK 3.4.7 initialized ###########
debug:[ViewLink.cpp][145][VLK_RegisterDevStatusCB]VLK_RegisterDevStatusCB
error:[ViewLink.cpp][244][VLK_TrackTargetPositionEx]bad input parametes, pParam = 0x7ffcbeebae30, iVideoWidth = 0, iVideoHeight = 0
error:[ViewLink.cpp][244][VLK_TrackTargetPositionEx]bad input parametes, pParam = 0x7ffcbeebae30, iVideoWidth = 0, iVideoHeight = 0
error:[ViewLink.cpp][244][VLK_TrackTargetPositionEx]bad input parametes, pParam = 0x7ffcbeebae30, iVideoWidth = 0, iVideoHeight = 0
debug:[ViewLink.cpp][262][VLK_DisableTrackMode]VLK_DisableTrackMode
error:[ViewLink.cpp][244][VLK_TrackTargetPositionEx]bad input parametes, pParam = 0x7ffcbeebae30, iVideoWidth = 0, iVideoHeight = 0
debug:[ViewLink.cpp][119][VLK_Disconnect]VLK_Disconnect
debug:[ViewLink.cpp][119][VLK_Disconnect]VLK_Disconnect
debug:[ViewLink.cpp][64][VLK_UnInit]########### ViewLink SDK 3.4.7 uninitialized ###########
debug:[ViewLink.cpp][57][VLK_Init]########### ViewLink SDK 3.4.7 initialized ###########
debug:[ViewLink.cpp][145][VLK_RegisterDevStatusCB]VLK_RegisterDevStatusCB
error:[ViewLink.cpp][244][VLK_TrackTargetPositionEx]bad input parametes, pParam = 0x7fffffffd760, iVideoWidth = 0, iVideoHeight = 0
debug:[ViewLink.cpp][57][VLK_Init]########### ViewLink SDK 3.4.7 initialized ###########
debug:[ViewLink.cpp][145][VLK_RegisterDevStatusCB]VLK_RegisterDevStatusCB
debug:[ViewLink.cpp][119][VLK_Disconnect]VLK_Disconnect
debug:[ViewLink.cpp][119][VLK_Disconnect]VLK_Disconnect
debug:[ViewLink.cpp][64][VLK_UnInit]########### ViewLink SDK 3.4.7 uninitialized ###########
debug:[ViewLink.cpp][57][VLK_Init]########### ViewLink SDK 3.4.7 initialized ###########
debug:[ViewLink.cpp][145][VLK_RegisterDevStatusCB]VLK_RegisterDevStatusCB
debug:[ViewLink.cpp][119][VLK_Disconnect]VLK_Disconnect
debug:[ViewLink.cpp][119][VLK_Disconnect]VLK_Disconnect
debug:[ViewLink.cpp][64][VLK_UnInit]########### ViewLink SDK 3.4.7 uninitialized ###########
debug:[ViewLink.cpp][57][VLK_Init]########### ViewLink SDK 3.4.7 initialized ###########
debug:[ViewLink.cpp][145][VLK_RegisterDevStatusCB]VLK_RegisterDevStatusCB
debug:[ViewLink.cpp][57][VLK_Init]########### ViewLink SDK 3.4.7 initialized ###########
debug:[ViewLink.cpp][145][VLK_RegisterDevStatusCB]VLK_RegisterDevStatusCB
debug:[ViewLink.cpp][119][VLK_Disconnect]VLK_Disconnect
debug:[ViewLink.cpp][119][VLK_Disconnect]VLK_Disconnect
debug:[ViewLink.cpp][64][VLK_UnInit]########### ViewLink SDK 3.4.7 uninitialized ###########
debug:[ViewLink.cpp][57][VLK_Init]########### ViewLink SDK 3.4.7 initialized ###########
debug:[ViewLink.cpp][145][VLK_RegisterDevStatusCB]VLK_RegisterDevStatusCB
debug:[ViewLink.cpp][119][VLK_Disconnect]VLK_Disconnect
debug:[ViewLink.cpp][119][VLK_Disconnect]VLK_Disconnect
debug:[ViewLink.cpp][64][VLK_UnInit]########### ViewLink SDK 3.4.7 uninitialized ###########
debug:[ViewLink.cpp][57][VLK_Init]########### ViewLink SDK 3.4.7 initialized ###########
debug:[ViewLink.cpp][145][VLK_RegisterDevStatusCB]VLK_RegisterDevStatusCB
debug:[ViewLink.cpp][107][VLK_IsTCPConnected]VLK_IsTCPConnected
debug:[ViewLink.cpp][75][VLK_Connect]VLK_Connect
debug:[ViewLink.cpp][119][VLK_Disconnect]VLK_Disconnect
debug:[ViewLink.cpp][119][VLK_Disconnect]VLK_Disconnect
debug:[ViewLink.cpp][64][VLK_UnInit]########### ViewLink SDK 3.4.7 uninitialized ###########
debug:[ViewLink.cpp][57][VLK_Init]########### ViewLink SDK 3.4.7 initialized ###########
debug:[ViewLink.cpp][145][VLK_RegisterDevStatusCB]VLK_RegisterDevStatusCB
debug:[ViewLink.cpp][57][VLK_Init]########### ViewLink SDK 3.4.7 initialized ###########
debug:[ViewLink.cpp][145][VLK_RegisterDevStatusCB]VLK_RegisterDevStatusCB
