debug:[ViewLink.cpp][57][VLK_Init]########### ViewLink SDK 3.4.7 initialized ###########
debug:[ViewLink.cpp][145][VLK_RegisterDevStatusCB]VLK_RegisterDevStatusCB
debug:[ViewLink.cpp][57][VLK_Init]########### ViewLink SDK 3.4.7 initialized ###########
debug:[ViewLink.cpp][145][VLK_RegisterDevStatusCB]VLK_RegisterDevStatusCB
debug:[ViewLink.cpp][119][VLK_Disconnect]VLK_Disconnect
debug:[ViewLink.cpp][119][VLK_Disconnect]VLK_Disconnect
debug:[ViewLink.cpp][64][VLK_UnInit]########### ViewLink SDK 3.4.7 uninitialized ###########
debug:[ViewLink.cpp][57][VLK_Init]########### ViewLink SDK 3.4.7 initialized ###########
debug:[ViewLink.cpp][145][VLK_RegisterDevStatusCB]VLK_RegisterDevStatusCB
debug:[ViewLink.cpp][57][VLK_Init]########### ViewLink SDK 3.4.7 initialized ###########
debug:[ViewLink.cpp][145][VLK_RegisterDevStatusCB]VLK_RegisterDevStatusCB
debug:[ViewLink.cpp][57][VLK_Init]########### ViewLink SDK 3.4.7 initialized ###########
debug:[ViewLink.cpp][145][VLK_RegisterDevStatusCB]VLK_RegisterDevStatusCB
debug:[ViewLink.cpp][57][VLK_Init]########### ViewLink SDK 3.4.7 initialized ###########
debug:[ViewLink.cpp][145][VLK_RegisterDevStatusCB]VLK_RegisterDevStatusCB
debug:[ViewLink.cpp][57][VLK_Init]########### ViewLink SDK 3.4.7 initialized ###########
debug:[ViewLink.cpp][145][VLK_RegisterDevStatusCB]VLK_RegisterDevStatusCB
debug:[ViewLink.cpp][57][VLK_Init]########### ViewLink SDK 3.4.7 initialized ###########
debug:[ViewLink.cpp][145][VLK_RegisterDevStatusCB]VLK_RegisterDevStatusCB
debug:[ViewLink.cpp][57][VLK_Init]########### ViewLink SDK 3.4.7 initialized ###########
debug:[ViewLink.cpp][145][VLK_RegisterDevStatusCB]VLK_RegisterDevStatusCB
debug:[ViewLink.cpp][119][VLK_Disconnect]VLK_Disconnect
debug:[ViewLink.cpp][119][VLK_Disconnect]VLK_Disconnect
debug:[ViewLink.cpp][64][VLK_UnInit]########### ViewLink SDK 3.4.7 uninitialized ###########
debug:[ViewLink.cpp][57][VLK_Init]########### ViewLink SDK 3.4.7 initialized ###########
debug:[ViewLink.cpp][145][VLK_RegisterDevStatusCB]VLK_RegisterDevStatusCB
debug:[ViewLink.cpp][119][VLK_Disconnect]VLK_Disconnect
debug:[ViewLink.cpp][119][VLK_Disconnect]VLK_Disconnect
debug:[ViewLink.cpp][64][VLK_UnInit]########### ViewLink SDK 3.4.7 uninitialized ###########
debug:[ViewLink.cpp][57][VLK_Init]########### ViewLink SDK 3.4.7 initialized ###########
debug:[ViewLink.cpp][57][VLK_Init]########### ViewLink SDK 3.4.7 initialized ###########
debug:[ViewLink.cpp][57][VLK_Init]########### ViewLink SDK 3.4.7 initialized ###########
debug:[ViewLink.cpp][145][VLK_RegisterDevStatusCB]VLK_RegisterDevStatusCB
debug:[ViewLink.cpp][119][VLK_Disconnect]VLK_Disconnect
debug:[ViewLink.cpp][119][VLK_Disconnect]VLK_Disconnect
debug:[ViewLink.cpp][64][VLK_UnInit]########### ViewLink SDK 3.4.7 uninitialized ###########
debug:[ViewLink.cpp][57][VLK_Init]########### ViewLink SDK 3.4.7 initialized ###########
debug:[ViewLink.cpp][57][VLK_Init]########### ViewLink SDK 3.4.7 initialized ###########
debug:[ViewLink.cpp][57][VLK_Init]########### ViewLink SDK 3.4.7 initialized ###########
debug:[ViewLink.cpp][145][VLK_RegisterDevStatusCB]VLK_RegisterDevStatusCB
debug:[ViewLink.cpp][57][VLK_Init]########### ViewLink SDK 3.4.7 initialized ###########
debug:[ViewLink.cpp][145][VLK_RegisterDevStatusCB]VLK_RegisterDevStatusCB
debug:[ViewLink.cpp][119][VLK_Disconnect]VLK_Disconnect
debug:[ViewLink.cpp][119][VLK_Disconnect]VLK_Disconnect
debug:[ViewLink.cpp][64][VLK_UnInit]########### ViewLink SDK 3.4.7 uninitialized ###########
debug:[ViewLink.cpp][57][VLK_Init]########### ViewLink SDK 3.4.7 initialized ###########
debug:[ViewLink.cpp][145][VLK_RegisterDevStatusCB]VLK_RegisterDevStatusCB
debug:[ViewLink.cpp][57][VLK_Init]########### ViewLink SDK 3.4.7 initialized ###########
debug:[ViewLink.cpp][145][VLK_RegisterDevStatusCB]VLK_RegisterDevStatusCB
debug:[ViewLink.cpp][119][VLK_Disconnect]VLK_Disconnect
debug:[ViewLink.cpp][119][VLK_Disconnect]VLK_Disconnect
debug:[ViewLink.cpp][64][VLK_UnInit]########### ViewLink SDK 3.4.7 uninitialized ###########
debug:[ViewLink.cpp][119][VLK_Disconnect]VLK_Disconnect
debug:[ViewLink.cpp][119][VLK_Disconnect]VLK_Disconnect
debug:[ViewLink.cpp][64][VLK_UnInit]########### ViewLink SDK 3.4.7 uninitialized ###########
debug:[ViewLink.cpp][119][VLK_Disconnect]VLK_Disconnect
debug:[ViewLink.cpp][119][VLK_Disconnect]VLK_Disconnect
debug:[ViewLink.cpp][64][VLK_UnInit]########### ViewLink SDK 3.4.7 uninitialized ###########
debug:[ViewLink.cpp][57][VLK_Init]########### ViewLink SDK 3.4.7 initialized ###########
debug:[ViewLink.cpp][145][VLK_RegisterDevStatusCB]VLK_RegisterDevStatusCB
debug:[ViewLink.cpp][119][VLK_Disconnect]VLK_Disconnect
debug:[ViewLink.cpp][119][VLK_Disconnect]VLK_Disconnect
debug:[ViewLink.cpp][64][VLK_UnInit]########### ViewLink SDK 3.4.7 uninitialized ###########
debug:[ViewLink.cpp][57][VLK_Init]########### ViewLink SDK 3.4.7 initialized ###########
debug:[ViewLink.cpp][145][VLK_RegisterDevStatusCB]VLK_RegisterDevStatusCB
debug:[ViewLink.cpp][119][VLK_Disconnect]VLK_Disconnect
debug:[ViewLink.cpp][119][VLK_Disconnect]VLK_Disconnect
debug:[ViewLink.cpp][64][VLK_UnInit]########### ViewLink SDK 3.4.7 uninitialized ###########
debug:[ViewLink.cpp][57][VLK_Init]########### ViewLink SDK 3.4.7 initialized ###########
debug:[ViewLink.cpp][145][VLK_RegisterDevStatusCB]VLK_RegisterDevStatusCB
debug:[ViewLink.cpp][119][VLK_Disconnect]VLK_Disconnect
debug:[ViewLink.cpp][119][VLK_Disconnect]VLK_Disconnect
debug:[ViewLink.cpp][64][VLK_UnInit]########### ViewLink SDK 3.4.7 uninitialized ###########
debug:[ViewLink.cpp][57][VLK_Init]########### ViewLink SDK 3.4.7 initialized ###########
debug:[ViewLink.cpp][145][VLK_RegisterDevStatusCB]VLK_RegisterDevStatusCB
debug:[ViewLink.cpp][119][VLK_Disconnect]VLK_Disconnect
debug:[ViewLink.cpp][119][VLK_Disconnect]VLK_Disconnect
debug:[ViewLink.cpp][64][VLK_UnInit]########### ViewLink SDK 3.4.7 uninitialized ###########
debug:[ViewLink.cpp][57][VLK_Init]########### ViewLink SDK 3.4.7 initialized ###########
debug:[ViewLink.cpp][57][VLK_Init]########### ViewLink SDK 3.4.7 initialized ###########
debug:[ViewLink.cpp][145][VLK_RegisterDevStatusCB]VLK_RegisterDevStatusCB
debug:[ViewLink.cpp][57][VLK_Init]########### ViewLink SDK 3.4.7 initialized ###########
debug:[ViewLink.cpp][145][VLK_RegisterDevStatusCB]VLK_RegisterDevStatusCB
debug:[ViewLink.cpp][107][VLK_IsTCPConnected]VLK_IsTCPConnected
debug:[ViewLink.cpp][75][VLK_Connect]VLK_Connect
debug:[TCPConnection.cpp][171][SocketCallback]YEK_CONNECT_RESPONSE event->status() == 110
debug:[ViewLink.cpp][119][VLK_Disconnect]VLK_Disconnect
debug:[ViewLink.cpp][119][VLK_Disconnect]VLK_Disconnect
debug:[ViewLink.cpp][64][VLK_UnInit]########### ViewLink SDK 3.4.7 uninitialized ###########
debug:[ViewLink.cpp][57][VLK_Init]########### ViewLink SDK 3.4.7 initialized ###########
debug:[ViewLink.cpp][145][VLK_RegisterDevStatusCB]VLK_RegisterDevStatusCB
debug:[ViewLink.cpp][302][VLK_Home]VLK_Home
debug:[ViewLink.cpp][107][VLK_IsTCPConnected]VLK_IsTCPConnected
debug:[ViewLink.cpp][75][VLK_Connect]VLK_Connect
debug:[TCPConnection.cpp][161][SocketCallback]TCP Gimbal Connected !!!!!!!!!!!!
debug:[DeviceConnection.cpp][1454][ProcSayHelloResponse]current connected device type: TIR
debug:[DeviceConnection.cpp][1514][ProcSayHelloResponse]hand shake success! enjoy !!!
debug:[ViewLink.cpp][302][VLK_Home]VLK_Home
debug:[ViewLink.cpp][302][VLK_Home]VLK_Home
debug:[ViewLink.cpp][356][VLK_TurnTo]VLK_TurnTo
debug:[ViewLink.cpp][356][VLK_TurnTo]VLK_TurnTo
debug:[ViewLink.cpp][356][VLK_TurnTo]VLK_TurnTo
debug:[ViewLink.cpp][119][VLK_Disconnect]VLK_Disconnect
debug:[ViewLink.cpp][119][VLK_Disconnect]VLK_Disconnect
debug:[ViewLink.cpp][64][VLK_UnInit]########### ViewLink SDK 3.4.7 uninitialized ###########
debug:[ViewLink.cpp][57][VLK_Init]########### ViewLink SDK 3.4.7 initialized ###########
debug:[ViewLink.cpp][145][VLK_RegisterDevStatusCB]VLK_RegisterDevStatusCB
debug:[ViewLink.cpp][107][VLK_IsTCPConnected]VLK_IsTCPConnected
debug:[ViewLink.cpp][75][VLK_Connect]VLK_Connect
debug:[TCPConnection.cpp][161][SocketCallback]TCP Gimbal Connected !!!!!!!!!!!!
debug:[DeviceConnection.cpp][1454][ProcSayHelloResponse]current connected device type: TIR
debug:[DeviceConnection.cpp][1514][ProcSayHelloResponse]hand shake success! enjoy !!!
debug:[ViewLink.cpp][119][VLK_Disconnect]VLK_Disconnect
debug:[ViewLink.cpp][119][VLK_Disconnect]VLK_Disconnect
debug:[ViewLink.cpp][64][VLK_UnInit]########### ViewLink SDK 3.4.7 uninitialized ###########
debug:[ViewLink.cpp][57][VLK_Init]########### ViewLink SDK 3.4.7 initialized ###########
debug:[ViewLink.cpp][145][VLK_RegisterDevStatusCB]VLK_RegisterDevStatusCB
debug:[ViewLink.cpp][107][VLK_IsTCPConnected]VLK_IsTCPConnected
debug:[ViewLink.cpp][75][VLK_Connect]VLK_Connect
debug:[TCPConnection.cpp][161][SocketCallback]TCP Gimbal Connected !!!!!!!!!!!!
debug:[DeviceConnection.cpp][1454][ProcSayHelloResponse]current connected device type: TIR
debug:[DeviceConnection.cpp][1514][ProcSayHelloResponse]hand shake success! enjoy !!!
debug:[ViewLink.cpp][408][VLK_SetImageColor]VLK_SetImageColor
debug:[ViewLink.cpp][408][VLK_SetImageColor]VLK_SetImageColor
debug:[ViewLink.cpp][408][VLK_SetImageColor]VLK_SetImageColor
debug:[ViewLink.cpp][408][VLK_SetImageColor]VLK_SetImageColor
debug:[ViewLink.cpp][408][VLK_SetImageColor]VLK_SetImageColor
debug:[ViewLink.cpp][408][VLK_SetImageColor]VLK_SetImageColor
debug:[ViewLink.cpp][408][VLK_SetImageColor]VLK_SetImageColor
debug:[ViewLink.cpp][408][VLK_SetImageColor]VLK_SetImageColor
debug:[ViewLink.cpp][107][VLK_IsTCPConnected]VLK_IsTCPConnected
debug:[ViewLink.cpp][126][VLK_DisconnectTCP]VLK_DisconnectTCP
debug:[ViewLink.cpp][119][VLK_Disconnect]VLK_Disconnect
debug:[ViewLink.cpp][119][VLK_Disconnect]VLK_Disconnect
debug:[ViewLink.cpp][64][VLK_UnInit]########### ViewLink SDK 3.4.7 uninitialized ###########
